\BOOKMARK [0][-]{chapter.1}{1 Pr\351sentation des diff\351rentes m\351thodes}{}
\BOOKMARK [1][-]{section.1.1}{1.1 Hypoth\350ses/Contexte}{chapter.1}
\BOOKMARK [1][-]{section.1.2}{1.2 Programmation lin\351aire}{chapter.1}
\BOOKMARK [2][-]{subsection.1.2.1}{1.2.1 Principe}{section.1.2}
\BOOKMARK [2][-]{subsection.1.2.2}{1.2.2 R\351sultats}{section.1.2}
\BOOKMARK [2][-]{subsection.1.2.3}{1.2.3 Id\351es et perspectives}{section.1.2}
\BOOKMARK [1][-]{section.1.3}{1.3 Programmation dynamique}{chapter.1}
\BOOKMARK [2][-]{subsection.1.3.1}{1.3.1 Principe}{section.1.3}
\BOOKMARK [2][-]{subsection.1.3.2}{1.3.2 G\351n\351ralisation de l'algorithme glouton au cas lin\351aire par morceaux}{section.1.3}
\BOOKMARK [2][-]{subsection.1.3.3}{1.3.3 R\351sultats avec \351valuation gloutonne}{section.1.3}
\BOOKMARK [2][-]{subsection.1.3.4}{1.3.4 Am\351liorations}{section.1.3}
\BOOKMARK [2][-]{subsection.1.3.5}{1.3.5 R\351sultats avec \351valuation gloutonne}{section.1.3}
\BOOKMARK [2][-]{subsection.1.3.6}{1.3.6 R\351sultats avec \351valuation exacte}{section.1.3}
\BOOKMARK [2][-]{subsection.1.3.7}{1.3.7 Cas une turbine}{section.1.3}
\BOOKMARK [2][-]{subsection.1.3.8}{1.3.8 Cas deux turbines}{section.1.3}
\BOOKMARK [2][-]{subsection.1.3.9}{1.3.9 G\351n\351ralisation au cas lin\351aire par morceaux convexe}{section.1.3}
\BOOKMARK [1][-]{section.1.4}{1.4 Hybridation algorithme g\351netique m\351thode exacte par d\351compostion spaciale}{chapter.1}
\BOOKMARK [2][-]{subsection.1.4.1}{1.4.1 Principe}{section.1.4}
\BOOKMARK [2][-]{subsection.1.4.2}{1.4.2 R\351sultats premier param\351trage}{section.1.4}
\BOOKMARK [2][-]{subsection.1.4.3}{1.4.3 R\351sultats deuxi\350me param\351trage}{section.1.4}
\BOOKMARK [2][-]{subsection.1.4.4}{1.4.4 R\351sultats troisi\350me param\351trage}{section.1.4}
\BOOKMARK [2][-]{subsection.1.4.5}{1.4.5 R\351sultats quatri\350me param\351trage}{section.1.4}
\BOOKMARK [2][-]{subsection.1.4.6}{1.4.6 R\351sultats cinqui\350me param\351trage}{section.1.4}
\BOOKMARK [2][-]{subsection.1.4.7}{1.4.7 R\351sultats sixi\350me param\351trage}{section.1.4}
\BOOKMARK [2][-]{subsection.1.4.8}{1.4.8 Comparaison des diff\351rents param\351trages}{section.1.4}
\BOOKMARK [2][-]{subsection.1.4.9}{1.4.9 Perspectives}{section.1.4}
\BOOKMARK [1][-]{section.1.5}{1.5 Hybridation algorithme g\351netique m\351thode exacte par d\351compostion spaciale avec repr\351sentation dynamique}{chapter.1}
\BOOKMARK [2][-]{subsection.1.5.1}{1.5.1 Principe}{section.1.5}
\BOOKMARK [2][-]{subsection.1.5.2}{1.5.2 R\351sultats premier param\351trage}{section.1.5}
\BOOKMARK [2][-]{subsection.1.5.3}{1.5.3 R\351sultats deuxi\350me param\351trage}{section.1.5}
\BOOKMARK [2][-]{subsection.1.5.4}{1.5.4 Comparaison}{section.1.5}
\BOOKMARK [2][-]{subsection.1.5.5}{1.5.5 Perspectives}{section.1.5}
\BOOKMARK [1][-]{section.1.6}{1.6 Programmation dynamique approxim\351e utilisant un algorithme g\351n\351tique}{chapter.1}
\BOOKMARK [2][-]{subsection.1.6.1}{1.6.1 Principe}{section.1.6}
\BOOKMARK [2][-]{subsection.1.6.2}{1.6.2 R\351sultats}{section.1.6}
\BOOKMARK [2][-]{subsection.1.6.3}{1.6.3 Id\351es et perspectives}{section.1.6}
